<?xml version="1.0" encoding="UTF-8"?>
<!-- Generated by org.testng.reporters.JUnitXMLReporter -->
<testsuite ignored="0" hostname="DESKTOP-RMVDHMS" failures="1" tests="3" name="Submit Order Test" time="26.944" errors="0" timestamp="2024-09-30T23:00:54 IST">
  <testcase classname="hcyclewala.tests.SubmitOrderTest" name="submitOrder" time="7.758"/>
  <testcase classname="hcyclewala.tests.SubmitOrderTest" name="submitOrder" time="3.879">
    <failure type="java.lang.AssertionError" message="expected [true] but found [false]">
      <![CDATA[java.lang.AssertionError: expected [true] but found [false]
at hcyclewala.tests.SubmitOrderTest.submitOrder(SubmitOrderTest.java:29)
at java.base/java.util.ArrayList.forEach(ArrayList.java:1596)
at java.base/java.util.concurrent.FutureTask.run(FutureTask.java:317)
at java.base/java.util.concurrent.ThreadPoolExecutor.runWorker(ThreadPoolExecutor.java:1144)
at java.base/java.util.concurrent.ThreadPoolExecutor$Worker.run(ThreadPoolExecutor.java:642)
at java.base/java.lang.Thread.run(Thread.java:1583)
... Removed 19 stack frames]]>
    </failure>
  </testcase> <!-- submitOrder -->
  <testcase classname="hcyclewala.tests.SubmitOrderTest" name="OrdersHistory" time="0.002">
    <skipped/>
  </testcase> <!-- OrdersHistory -->
</testsuite> <!-- Submit Order Test -->
